app/build/intermediates/manifest_merge_blame_file/release/manifest-merger-blame-release-report.txt
1<?xml version="1.0" encoding="utf-8"?>
2<manifest xmlns:android="http://schemas.android.com/apk/res/android"
3    package="com.tuanmeta.cheat"
4    android:versionCode="1"
5    android:versionName="1.0" >
6
7    <uses-sdk
8        android:minSdkVersion="21"
8-->src\main\AndroidManifest.xml
9        android:targetSdkVersion="33" />
9-->src\main\AndroidManifest.xml
10
11    <application
11-->src\main\AndroidManifest.xml:6:5-22:19
12        android:icon="@mipmap/ic_launcher"
12-->src\main\AndroidManifest.xml:7:9-43
13        android:label="@string/app_name"
13-->src\main\AndroidManifest.xml:8:9-41
14        android:roundIcon="@mipmap/ic_launcher_round"
14-->src\main\AndroidManifest.xml:9:9-54
15        android:supportsRtl="true"
15-->src\main\AndroidManifest.xml:10:9-35
16        android:theme="@style/Theme.Application" >
16-->src\main\AndroidManifest.xml:11:9-49
17        <activity
17-->src\main\AndroidManifest.xml:13:9-21:20
18            android:name="com.tuanmeta.cheat.MainActivity"
18-->src\main\AndroidManifest.xml:14:13-41
19            android:exported="true" >
19-->src\main\AndroidManifest.xml:15:13-36
20            <intent-filter>
20-->src\main\AndroidManifest.xml:16:13-20:29
21                <action android:name="android.intent.action.MAIN" />
21-->src\main\AndroidManifest.xml:17:17-69
21-->src\main\AndroidManifest.xml:17:25-66
22
23                <category android:name="android.intent.category.LAUNCHER" />
23-->src\main\AndroidManifest.xml:19:17-77
23-->src\main\AndroidManifest.xml:19:27-74
24            </intent-filter>
25        </activity>
26    </application>
27
28</manifest>